TN:
SF:src\components\ThemeToggle.jsx
FN:1,ThemeToggle
FNF:1
FNH:1
FNDA:3,ThemeToggle
DA:2,3
DA:4,3
LF:2
LH:2
BRDA:9,0,0,1
BRDA:9,0,1,2
BRDA:10,1,0,1
BRDA:10,1,1,2
BRDA:12,2,0,1
BRDA:12,2,1,2
BRF:6
BRH:6
end_of_record
TN:
SF:src\hooks\useTheme.js
FN:8,useTheme
FN:11,(anonymous_1)
FN:15,(anonymous_2)
FN:16,(anonymous_3)
FNF:4
FNH:4
FNDA:6,useTheme
FNDA:6,(anonymous_1)
FNDA:3,(anonymous_2)
FNDA:3,(anonymous_3)
DA:3,1
DA:4,1
DA:9,6
DA:11,6
DA:12,6
DA:15,6
DA:16,3
DA:19,6
LF:8
LH:8
BRDA:16,0,0,2
BRDA:16,0,1,1
BRF:2
BRH:2
end_of_record
