{"C:\\Users\\shailendra.yadav\\Desktop\\projects\\rag-pdlc\\frontend-react\\src\\components\\ThemeToggle.jsx": {"path":"C:\\Users\\shailendra.yadav\\Desktop\\projects\\rag-pdlc\\frontend-react\\src\\components\\ThemeToggle.jsx","statementMap":{"0":{"start":{"line":2,"column":17},"end":{"line":2,"column":null}},"1":{"start":{"line":4,"column":2},"end":{"line":13,"column":null}}},"fnMap":{"0":{"name":"ThemeToggle","decl":{"start":{"line":1,"column":24},"end":{"line":1,"column":36}},"loc":{"start":{"line":1,"column":57},"end":{"line":15,"column":null}},"line":1}},"branchMap":{"0":{"loc":{"start":{"line":9,"column":18},"end":{"line":9,"column":null}},"type":"cond-expr","locations":[{"start":{"line":9,"column":27},"end":{"line":9,"column":52}},{"start":{"line":9,"column":52},"end":{"line":9,"column":null}}],"line":9},"1":{"loc":{"start":{"line":10,"column":13},"end":{"line":10,"column":null}},"type":"cond-expr","locations":[{"start":{"line":10,"column":22},"end":{"line":10,"column":47}},{"start":{"line":10,"column":47},"end":{"line":10,"column":null}}],"line":10},"2":{"loc":{"start":{"line":12,"column":7},"end":{"line":12,"column":null}},"type":"cond-expr","locations":[{"start":{"line":12,"column":16},"end":{"line":12,"column":23}},{"start":{"line":12,"column":23},"end":{"line":12,"column":null}}],"line":12}},"s":{"0":3,"1":3},"f":{"0":3},"b":{"0":[1,2],"1":[1,2],"2":[1,2]},"meta":{"lastBranch":3,"lastFunction":1,"lastStatement":2,"seen":{"f:1:24:1:36":0,"s:2:17:2:Infinity":0,"s:4:2:13:Infinity":1,"b:9:27:9:52:9:52:9:Infinity":0,"b:10:22:10:47:10:47:10:Infinity":1,"b:12:16:12:23:12:23:12:Infinity":2},"fnNames":{}}}
,"C:\\Users\\shailendra.yadav\\Desktop\\projects\\rag-pdlc\\frontend-react\\src\\hooks\\useTheme.js": {"path":"C:\\Users\\shailendra.yadav\\Desktop\\projects\\rag-pdlc\\frontend-react\\src\\hooks\\useTheme.js","statementMap":{"0":{"start":{"line":3,"column":14},"end":{"line":3,"column":null}},"1":{"start":{"line":4,"column":13},"end":{"line":4,"column":null}},"2":{"start":{"line":9,"column":28},"end":{"line":9,"column":null}},"3":{"start":{"line":11,"column":2},"end":{"line":13,"column":null}},"4":{"start":{"line":12,"column":4},"end":{"line":12,"column":null}},"5":{"start":{"line":15,"column":22},"end":{"line":17,"column":null}},"6":{"start":{"line":16,"column":4},"end":{"line":16,"column":null}},"7":{"start":{"line":16,"column":27},"end":{"line":16,"column":59}},"8":{"start":{"line":19,"column":2},"end":{"line":19,"column":null}}},"fnMap":{"0":{"name":"useTheme","decl":{"start":{"line":8,"column":16},"end":{"line":8,"column":24}},"loc":{"start":{"line":8,"column":27},"end":{"line":20,"column":null}},"line":8},"1":{"name":"(anonymous_1)","decl":{"start":{"line":11,"column":12},"end":{"line":11,"column":13}},"loc":{"start":{"line":11,"column":18},"end":{"line":13,"column":3}},"line":11},"2":{"name":"(anonymous_2)","decl":{"start":{"line":15,"column":34},"end":{"line":15,"column":35}},"loc":{"start":{"line":15,"column":40},"end":{"line":17,"column":3}},"line":15},"3":{"name":"(anonymous_3)","decl":{"start":{"line":16,"column":13},"end":{"line":16,"column":14}},"loc":{"start":{"line":16,"column":27},"end":{"line":16,"column":59}},"line":16}},"branchMap":{"0":{"loc":{"start":{"line":16,"column":27},"end":{"line":16,"column":59}},"type":"cond-expr","locations":[{"start":{"line":16,"column":47},"end":{"line":16,"column":51}},{"start":{"line":16,"column":54},"end":{"line":16,"column":59}}],"line":16}},"s":{"0":1,"1":1,"2":6,"3":6,"4":6,"5":6,"6":3,"7":3,"8":6},"f":{"0":6,"1":6,"2":3,"3":3},"b":{"0":[2,1]},"meta":{"lastBranch":1,"lastFunction":4,"lastStatement":9,"seen":{"s:3:14:3:Infinity":0,"s:4:13:4:Infinity":1,"f:8:16:8:24":0,"s:9:28:9:Infinity":2,"s:11:2:13:Infinity":3,"f:11:12:11:13":1,"s:12:4:12:Infinity":4,"s:15:22:17:Infinity":5,"f:15:34:15:35":2,"s:16:4:16:Infinity":6,"f:16:13:16:14":3,"s:16:27:16:59":7,"b:16:47:16:51:16:54:16:59":0,"s:19:2:19:Infinity":8},"fnNames":{}}}
}
